# JRE version: OpenJDK Runtime Environment Microsoft-13106358 (17.0.18+8) (build 17.0.18+8-LTS)
# Java VM: OpenJDK 64-Bit Server VM Microsoft-13106358 (17.0.18+8-LTS, mixed mode, sharing, tiered, compressed oops, compressed class ptrs, g1 gc, windows-amd64)
GC Precious Log:
 CPUs: 8 total, 8 available
 Memory: 16082M
 Large Page Support: Disabled
 NUMA Support: Disabled
 Compressed Oops: Enabled (32-bit)
 Heap Region Size: 1M
 Heap Min Capacity: 8M
 Heap Initial Capacity: 252M
 Heap Max Capacity: 1536M
 Pre-touch: Disabled
 Parallel Workers: 8
 Concurrent Workers: 2
 Concurrent Refinement Workers: 8
 Periodic GC: Disabled
Heap:
 garbage-first heap   total 89088K, used 44060K [0x00000000a0000000, 0x0000000100000000)
  region size 1024K, 4 young (4096K), 2 survivors (2048K)
 Metaspace       used 42941K, committed 43520K, reserved 1114112K
  class space    used 5999K, committed 6272K, reserved 1048576K
GC Heap History (20 events):
Event: 4.084 GC heap before
{Heap before GC invocations=1 (full 0):
 garbage-first heap   total 258048K, used 42500K [0x00000000a0000000, 0x0000000100000000)
  region size 1024K, 39 young (39936K), 2 survivors (2048K)
 Metaspace       used 4417K, committed 4608K, reserved 1114112K
  class space    used 547K, committed 640K, reserved 1048576K
}
Event: 4.090 GC heap after
{Heap after GC invocations=2 (full 0):
 garbage-first heap   total 258048K, used 10984K [0x00000000a0000000, 0x0000000100000000)
  region size 1024K, 5 young (5120K), 5 survivors (5120K)
 Metaspace       used 4417K, committed 4608K, reserved 1114112K
  class space    used 547K, committed 640K, reserved 1048576K
}
Event: 5.045 GC heap before
{Heap before GC invocations=2 (full 0):
 garbage-first heap   total 258048K, used 64232K [0x00000000a0000000, 0x0000000100000000)
  region size 1024K, 55 young (56320K), 5 survivors (5120K)
 Metaspace       used 4654K, committed 4800K, reserved 1114112K
  class space    used 580K, committed 640K, reserved 1048576K
}
Event: 5.050 GC heap after
{Heap after GC invocations=3 (full 0):
 garbage-first heap   total 258048K, used 16365K [0x00000000a0000000, 0x0000000100000000)
  region size 1024K, 5 young (5120K), 5 survivors (5120K)
 Metaspace       used 4654K, committed 4800K, reserved 1114112K
  class space    used 580K, committed 640K, reserved 1048576K
}
Event: 9.953 GC heap before
{Heap before GC invocations=3 (full 0):
 garbage-first heap   total 258048K, used 146413K [0x00000000a0000000, 0x0000000100000000)
  region size 1024K, 133 young (136192K), 5 survivors (5120K)
 Metaspace       used 21166K, committed 21504K, reserved 1114112K
  class space    used 3094K, committed 3264K, reserved 1048576K
}
Event: 9.979 GC heap after
{Heap after GC invocations=4 (full 0):
 garbage-first heap   total 258048K, used 24179K [0x00000000a0000000, 0x0000000100000000)
  region size 1024K, 13 young (13312K), 13 survivors (13312K)
 Metaspace       used 21166K, committed 21504K, reserved 1114112K
  class space    used 3094K, committed 3264K, reserved 1048576K
}
Event: 11.226 GC heap before
{Heap before GC invocations=5 (full 0):
 garbage-first heap   total 89088K, used 63091K [0x00000000a0000000, 0x0000000100000000)
  region size 1024K, 52 young (53248K), 13 survivors (13312K)
 Metaspace       used 25532K, committed 25920K, reserved 1114112K
  class space    used 3742K, committed 3904K, reserved 1048576K
}
Event: 11.236 GC heap after
{Heap after GC invocations=6 (full 0):
 garbage-first heap   total 89088K, used 28242K [0x00000000a0000000, 0x0000000100000000)
  region size 1024K, 5 young (5120K), 5 survivors (5120K)
 Metaspace       used 25532K, committed 25920K, reserved 1114112K
  class space    used 3742K, committed 3904K, reserved 1048576K
}
Event: 11.260 GC heap before
{Heap before GC invocations=6 (full 0):
 garbage-first heap   total 89088K, used 29266K [0x00000000a0000000, 0x0000000100000000)
  region size 1024K, 6 young (6144K), 5 survivors (5120K)
 Metaspace       used 25629K, committed 25984K, reserved 1114112K
  class space    used 3754K, committed 3904K, reserved 1048576K
}
Event: 11.262 GC heap after
{Heap after GC invocations=7 (full 0):
 garbage-first heap   total 89088K, used 28436K [0x00000000a0000000, 0x0000000100000000)
  region size 1024K, 1 young (1024K), 1 survivors (1024K)
 Metaspace       used 25629K, committed 25984K, reserved 1114112K
  class space    used 3754K, committed 3904K, reserved 1048576K
}
Event: 12.161 GC heap before
{Heap before GC invocations=7 (full 0):
 garbage-first heap   total 89088K, used 64276K [0x00000000a0000000, 0x0000000100000000)
  region size 1024K, 36 young (36864K), 1 survivors (1024K)
 Metaspace       used 29643K, committed 30080K, reserved 1114112K
  class space    used 4313K, committed 4544K, reserved 1048576K
}
Event: 12.163 GC heap after
{Heap after GC invocations=8 (full 0):
 garbage-first heap   total 89088K, used 29896K [0x00000000a0000000, 0x0000000100000000)
  region size 1024K, 3 young (3072K), 3 survivors (3072K)
 Metaspace       used 29643K, committed 30080K, reserved 1114112K
  class space    used 4313K, committed 4544K, reserved 1048576K
}
Event: 12.799 GC heap before
{Heap before GC invocations=8 (full 0):
 garbage-first heap   total 89088K, used 63688K [0x00000000a0000000, 0x0000000100000000)
  region size 1024K, 37 young (37888K), 3 survivors (3072K)
 Metaspace       used 33728K, committed 34240K, reserved 1114112K
  class space    used 4735K, committed 4992K, reserved 1048576K
}
Event: 12.804 GC heap after
{Heap after GC invocations=9 (full 0):
 garbage-first heap   total 89088K, used 34264K [0x00000000a0000000, 0x0000000100000000)
  region size 1024K, 5 young (5120K), 5 survivors (5120K)
 Metaspace       used 33728K, committed 34240K, reserved 1114112K
  class space    used 4735K, committed 4992K, reserved 1048576K
}
Event: 13.268 GC heap before
{Heap before GC invocations=9 (full 0):
 garbage-first heap   total 89088K, used 55768K [0x00000000a0000000, 0x0000000100000000)
  region size 1024K, 22 young (22528K), 5 survivors (5120K)
 Metaspace       used 35517K, committed 35968K, reserved 1114112K
  class space    used 4893K, committed 5120K, reserved 1048576K
}
Event: 13.275 GC heap after
{Heap after GC invocations=10 (full 0):
 garbage-first heap   total 89088K, used 36512K [0x00000000a0000000, 0x0000000100000000)
  region size 1024K, 3 young (3072K), 3 survivors (3072K)
 Metaspace       used 35517K, committed 35968K, reserved 1114112K
  class space    used 4893K, committed 5120K, reserved 1048576K
}
Event: 14.740 GC heap before
{Heap before GC invocations=11 (full 0):
 garbage-first heap   total 89088K, used 67232K [0x00000000a0000000, 0x0000000100000000)
  region size 1024K, 33 young (33792K), 3 survivors (3072K)
 Metaspace       used 38130K, committed 38656K, reserved 1114112K
  class space    used 5256K, committed 5504K, reserved 1048576K
}
Event: 14.744 GC heap after
{Heap after GC invocations=12 (full 0):
 garbage-first heap   total 89088K, used 38904K [0x00000000a0000000, 0x0000000100000000)
  region size 1024K, 5 young (5120K), 5 survivors (5120K)
 Metaspace       used 38130K, committed 38656K, reserved 1114112K
  class space    used 5256K, committed 5504K, reserved 1048576K
}
Event: 15.548 GC heap before
{Heap before GC invocations=12 (full 0):
 garbage-first heap   total 89088K, used 68600K [0x00000000a0000000, 0x0000000100000000)
  region size 1024K, 34 young (34816K), 5 survivors (5120K)
 Metaspace       used 40632K, committed 41152K, reserved 1114112K
  class space    used 5656K, committed 5888K, reserved 1048576K
}
Event: 15.553 GC heap after
{Heap after GC invocations=13 (full 0):
 garbage-first heap   total 89088K, used 41219K [0x00000000a0000000, 0x0000000100000000)
  region size 1024K, 3 young (3072K), 3 survivors (3072K)
 Metaspace       used 40632K, committed 41152K, reserved 1114112K
  class space    used 5656K, committed 5888K, reserved 1048576K
}

