# JRE version: OpenJDK Runtime Environment Microsoft-13106358 (17.0.18+8) (build 17.0.18+8-LTS)
# Java VM: OpenJDK 64-Bit Server VM Microsoft-13106358 (17.0.18+8-LTS, mixed mode, sharing, tiered, compressed oops, compressed class ptrs, g1 gc, windows-amd64)
GC Precious Log:
 CPUs: 8 total, 8 available
 Memory: 16082M
 Large Page Support: Disabled
 NUMA Support: Disabled
 Compressed Oops: Enabled (32-bit)
 Heap Region Size: 1M
 Heap Min Capacity: 8M
 Heap Initial Capacity: 252M
 Heap Max Capacity: 1536M
 Pre-touch: Disabled
 Parallel Workers: 8
 Concurrent Workers: 2
 Concurrent Refinement Workers: 8
 Periodic GC: Disabled
Heap:
 garbage-first heap   total 164864K, used 104720K [0x00000000a0000000, 0x0000000100000000)
  region size 1024K, 6 young (6144K), 2 survivors (2048K)
 Metaspace       used 80302K, committed 81152K, reserved 1179648K
  class space    used 11135K, committed 11520K, reserved 1048576K
GC Heap History (20 events):
Event: 18.339 GC heap before
{Heap before GC invocations=42 (full 0):
 garbage-first heap   total 164864K, used 77997K [0x00000000a0000000, 0x0000000100000000)
  region size 1024K, 4 young (4096K), 2 survivors (2048K)
 Metaspace       used 65014K, committed 65728K, reserved 1114112K
  class space    used 8885K, committed 9216K, reserved 1048576K
}
Event: 18.341 GC heap after
{Heap after GC invocations=43 (full 0):
 garbage-first heap   total 164864K, used 77246K [0x00000000a0000000, 0x0000000100000000)
  region size 1024K, 2 young (2048K), 2 survivors (2048K)
 Metaspace       used 65014K, committed 65728K, reserved 1114112K
  class space    used 8885K, committed 9216K, reserved 1048576K
}
Event: 19.645 GC heap before
{Heap before GC invocations=44 (full 0):
 garbage-first heap   total 164864K, used 133566K [0x00000000a0000000, 0x0000000100000000)
  region size 1024K, 56 young (57344K), 2 survivors (2048K)
 Metaspace       used 69263K, committed 69952K, reserved 1114112K
  class space    used 9622K, committed 9920K, reserved 1048576K
}
Event: 19.648 GC heap after
{Heap after GC invocations=45 (full 0):
 garbage-first heap   total 164864K, used 78938K [0x00000000a0000000, 0x0000000100000000)
  region size 1024K, 4 young (4096K), 4 survivors (4096K)
 Metaspace       used 69263K, committed 69952K, reserved 1114112K
  class space    used 9622K, committed 9920K, reserved 1048576K
}
Event: 20.692 GC heap before
{Heap before GC invocations=45 (full 0):
 garbage-first heap   total 164864K, used 134234K [0x00000000a0000000, 0x0000000100000000)
  region size 1024K, 58 young (59392K), 4 survivors (4096K)
 Metaspace       used 71479K, committed 72192K, reserved 1114112K
  class space    used 9902K, committed 10240K, reserved 1048576K
}
Event: 20.699 GC heap after
{Heap after GC invocations=46 (full 0):
 garbage-first heap   total 164864K, used 81717K [0x00000000a0000000, 0x0000000100000000)
  region size 1024K, 6 young (6144K), 6 survivors (6144K)
 Metaspace       used 71479K, committed 72192K, reserved 1114112K
  class space    used 9902K, committed 10240K, reserved 1048576K
}
Event: 21.427 GC heap before
{Heap before GC invocations=47 (full 0):
 garbage-first heap   total 164864K, used 115509K [0x00000000a0000000, 0x0000000100000000)
  region size 1024K, 41 young (41984K), 6 survivors (6144K)
 Metaspace       used 71491K, committed 72192K, reserved 1114112K
  class space    used 9902K, committed 10240K, reserved 1048576K
}
Event: 21.433 GC heap after
{Heap after GC invocations=48 (full 0):
 garbage-first heap   total 164864K, used 83494K [0x00000000a0000000, 0x0000000100000000)
  region size 1024K, 5 young (5120K), 5 survivors (5120K)
 Metaspace       used 71491K, committed 72192K, reserved 1114112K
  class space    used 9902K, committed 10240K, reserved 1048576K
}
Event: 22.345 GC heap before
{Heap before GC invocations=49 (full 0):
 garbage-first heap   total 164864K, used 136742K [0x00000000a0000000, 0x0000000100000000)
  region size 1024K, 56 young (57344K), 5 survivors (5120K)
 Metaspace       used 72945K, committed 73728K, reserved 1114112K
  class space    used 10161K, committed 10496K, reserved 1048576K
}
Event: 22.352 GC heap after
{Heap after GC invocations=50 (full 0):
 garbage-first heap   total 164864K, used 87989K [0x00000000a0000000, 0x0000000100000000)
  region size 1024K, 7 young (7168K), 7 survivors (7168K)
 Metaspace       used 72945K, committed 73728K, reserved 1114112K
  class space    used 10161K, committed 10496K, reserved 1048576K
}
Event: 22.354 GC heap before
{Heap before GC invocations=50 (full 0):
 garbage-first heap   total 164864K, used 89013K [0x00000000a0000000, 0x0000000100000000)
  region size 1024K, 8 young (8192K), 7 survivors (7168K)
 Metaspace       used 72945K, committed 73728K, reserved 1114112K
  class space    used 10161K, committed 10496K, reserved 1048576K
}
Event: 22.360 GC heap after
{Heap after GC invocations=51 (full 0):
 garbage-first heap   total 164864K, used 88477K [0x00000000a0000000, 0x0000000100000000)
  region size 1024K, 1 young (1024K), 1 survivors (1024K)
 Metaspace       used 72945K, committed 73728K, reserved 1114112K
  class space    used 10161K, committed 10496K, reserved 1048576K
}
Event: 22.973 GC heap before
{Heap before GC invocations=51 (full 0):
 garbage-first heap   total 164864K, used 134557K [0x00000000a0000000, 0x0000000100000000)
  region size 1024K, 47 young (48128K), 1 survivors (1024K)
 Metaspace       used 73367K, committed 74176K, reserved 1114112K
  class space    used 10196K, committed 10560K, reserved 1048576K
}
Event: 22.978 GC heap after
{Heap after GC invocations=52 (full 0):
 garbage-first heap   total 164864K, used 91222K [0x00000000a0000000, 0x0000000100000000)
  region size 1024K, 4 young (4096K), 4 survivors (4096K)
 Metaspace       used 73367K, committed 74176K, reserved 1114112K
  class space    used 10196K, committed 10560K, reserved 1048576K
}
Event: 23.621 GC heap before
{Heap before GC invocations=53 (full 0):
 garbage-first heap   total 164864K, used 135254K [0x00000000a0000000, 0x0000000100000000)
  region size 1024K, 48 young (49152K), 4 survivors (4096K)
 Metaspace       used 73367K, committed 74176K, reserved 1114112K
  class space    used 10196K, committed 10560K, reserved 1048576K
}
Event: 23.627 GC heap after
{Heap after GC invocations=54 (full 0):
 garbage-first heap   total 164864K, used 92588K [0x00000000a0000000, 0x0000000100000000)
  region size 1024K, 2 young (2048K), 2 survivors (2048K)
 Metaspace       used 73367K, committed 74176K, reserved 1114112K
  class space    used 10196K, committed 10560K, reserved 1048576K
}
Event: 23.701 GC heap before
{Heap before GC invocations=54 (full 0):
 garbage-first heap   total 164864K, used 97708K [0x00000000a0000000, 0x0000000100000000)
  region size 1024K, 8 young (8192K), 2 survivors (2048K)
 Metaspace       used 73367K, committed 74176K, reserved 1114112K
  class space    used 10196K, committed 10560K, reserved 1048576K
}
Event: 23.703 GC heap after
{Heap after GC invocations=55 (full 0):
 garbage-first heap   total 164864K, used 92675K [0x00000000a0000000, 0x0000000100000000)
  region size 1024K, 1 young (1024K), 1 survivors (1024K)
 Metaspace       used 73367K, committed 74176K, reserved 1114112K
  class space    used 10196K, committed 10560K, reserved 1048576K
}
Event: 24.266 GC heap before
{Heap before GC invocations=55 (full 0):
 garbage-first heap   total 164864K, used 140803K [0x00000000a0000000, 0x0000000100000000)
  region size 1024K, 44 young (45056K), 1 survivors (1024K)
 Metaspace       used 76722K, committed 77504K, reserved 1179648K
  class space    used 10652K, committed 11008K, reserved 1048576K
}
Event: 24.269 GC heap after
{Heap after GC invocations=56 (full 0):
 garbage-first heap   total 164864K, used 99902K [0x00000000a0000000, 0x0000000100000000)
  region size 1024K, 4 young (4096K), 4 survivors (4096K)
 Metaspace       used 76722K, committed 77504K, reserved 1179648K
  class space    used 10652K, committed 11008K, reserved 1048576K
}

